{
  "RSpec": {
    "coverage": {
      "/Users/allisonlarson/rails_projects/neighbors/spec/features/user_can_find_neighborhood_spec.rb": [
        1,
        null,
        1,
        null,
        1,
        1,
        1,
        null,
        null,
        1,
        1,
        1,
        1,
        0,
        null,
        null,
        null
      ],
      "/Users/allisonlarson/rails_projects/neighbors/spec/rails_helper.rb": [
        1,
        1,
        1,
        1,
        null,
        null,
        1,
        null,
        null,
        1,
        null,
        1,
        1,
        null,
        1,
        null,
        1,
        null
      ],
      "/Users/allisonlarson/rails_projects/neighbors/config/environment.rb": [
        null,
        1,
        null,
        null,
        1
      ],
      "/Users/allisonlarson/rails_projects/neighbors/config/application.rb": [
        1,
        null,
        null,
        1,
        1,
        1,
        1,
        1,
        1,
        1,
        null,
        null,
        null,
        null,
        1,
        null,
        1,
        1,
        null,
        null,
        null,
        1,
        null,
        null,
        null,
        null,
        null,
        null,
        null,
        null,
        null,
        null
      ],
      "/Users/allisonlarson/rails_projects/neighbors/config/boot.rb": [
        null,
        1,
        null,
        1
      ],
      "/Users/allisonlarson/rails_projects/neighbors/config/environments/test.rb": [
        1,
        null,
        null,
        null,
        null,
        null,
        null,
        1,
        null,
        null,
        null,
        null,
        1,
        null,
        null,
        1,
        1,
        null,
        null,
        1,
        1,
        null,
        null,
        1,
        null,
        null,
        1,
        null,
        null,
        null,
        null,
        1,
        null,
        null,
        1,
        null,
        null,
        null,
        null
      ],
      "/Users/allisonlarson/rails_projects/neighbors/config/initializers/assets.rb": [
        null,
        null,
        null,
        1,
        null,
        null,
        null,
        null
      ],
      "/Users/allisonlarson/rails_projects/neighbors/config/initializers/backtrace_silencers.rb": [
        null,
        null,
        null,
        null,
        null,
        null,
        null
      ],
      "/Users/allisonlarson/rails_projects/neighbors/config/initializers/cookies_serializer.rb": [
        null,
        null,
        1
      ],
      "/Users/allisonlarson/rails_projects/neighbors/config/initializers/filter_parameter_logging.rb": [
        null,
        null,
        null,
        1
      ],
      "/Users/allisonlarson/rails_projects/neighbors/config/initializers/inflections.rb": [
        null,
        null,
        null,
        null,
        null,
        null,
        null,
        null,
        null,
        null,
        null,
        null,
        null,
        null,
        null,
        null
      ],
      "/Users/allisonlarson/rails_projects/neighbors/config/initializers/mime_types.rb": [
        null,
        null,
        null,
        null
      ],
      "/Users/allisonlarson/rails_projects/neighbors/config/initializers/session_store.rb": [
        null,
        null,
        1
      ],
      "/Users/allisonlarson/rails_projects/neighbors/config/initializers/wrap_parameters.rb": [
        null,
        null,
        null,
        null,
        null,
        null,
        1,
        1,
        null,
        null,
        null,
        null,
        null,
        null
      ],
      "/Users/allisonlarson/rails_projects/neighbors/config/routes.rb": [
        1,
        1,
        null,
        1,
        1,
        null,
        1,
        null
      ],
      "/Users/allisonlarson/rails_projects/neighbors/app/helpers/application_helper.rb": [
        1,
        null
      ],
      "/Users/allisonlarson/rails_projects/neighbors/spec/features/user_interacts_with_site_spec.rb": [
        1,
        null,
        1,
        null,
        1,
        2,
        2,
        null,
        null,
        1,
        1,
        1,
        null,
        null,
        1,
        1,
        1,
        1,
        0,
        null,
        null,
        1,
        0,
        0,
        0,
        0,
        null,
        null,
        1,
        null,
        null,
        null
      ],
      "/Users/allisonlarson/rails_projects/neighbors/spec/models/city_spec.rb": [
        1,
        null,
        1,
        1,
        null
      ],
      "/Users/allisonlarson/rails_projects/neighbors/app/models/city.rb": [
        1,
        1,
        1,
        null
      ],
      "/Users/allisonlarson/rails_projects/neighbors/spec/models/coordinate_spec.rb": [
        1,
        null,
        1,
        1,
        null
      ],
      "/Users/allisonlarson/rails_projects/neighbors/app/models/coordinate.rb": [
        1,
        1,
        null,
        1,
        null
      ],
      "/Users/allisonlarson/rails_projects/neighbors/spec/models/neighborhood_spec.rb": [
        1,
        null,
        1,
        1,
        null
      ],
      "/Users/allisonlarson/rails_projects/neighbors/app/models/neighborhood.rb": [
        1,
        1,
        1,
        null
      ],
      "/Users/allisonlarson/rails_projects/neighbors/spec/models/user_spec.rb": [
        1,
        null,
        1,
        null,
        1,
        null,
        null,
        1,
        1,
        null,
        1,
        null,
        null,
        1,
        1,
        null,
        1,
        null,
        null,
        1,
        1,
        null,
        1,
        null,
        null,
        1,
        1,
        null,
        1,
        null,
        null,
        null
      ],
      "/Users/allisonlarson/rails_projects/neighbors/app/models/user.rb": [
        1,
        1,
        1,
        null
      ],
      "/Users/allisonlarson/rails_projects/neighbors/app/controllers/welcome_controller.rb": [
        1,
        1,
        null,
        null,
        null,
        1,
        2,
        2,
        null,
        null,
        null
      ],
      "/Users/allisonlarson/rails_projects/neighbors/app/controllers/application_controller.rb": [
        1,
        1,
        null,
        null,
        null
      ],
      "/Users/allisonlarson/rails_projects/neighbors/app/controllers/neighborhoods_controller.rb": [
        1,
        1,
        null,
        null,
        1,
        2,
        2,
        null,
        null
      ]
    },
    "timestamp": 1412279670
  }
}
