{
  "RSpec": {
    "coverage": {
      "/Users/allisonlarson/rails_projects/neighbors/spec/features/user_can_find_neighborhood_spec.rb": [
        1,
        null,
        0,
        null,
        0,
        0,
        0,
        null,
        null,
        0,
        0,
        0,
        0,
        0,
        null,
        null,
        null
      ],
      "/Users/allisonlarson/rails_projects/neighbors/spec/rails_helper.rb": [
        1,
        1,
        1,
        0,
        null,
        null,
        0,
        null,
        null,
        0,
        null,
        0,
        0,
        null,
        0,
        null,
        0,
        null
      ],
      "/Users/allisonlarson/rails_projects/neighbors/config/environment.rb": [
        null,
        1,
        null,
        null,
        1
      ],
      "/Users/allisonlarson/rails_projects/neighbors/config/application.rb": [
        1,
        null,
        null,
        1,
        1,
        1,
        1,
        1,
        1,
        1,
        1,
        null,
        null,
        null,
        null,
        1,
        null,
        1,
        1,
        null,
        null,
        null,
        1,
        null,
        null,
        null,
        null,
        null,
        null,
        null,
        null,
        null,
        null
      ],
      "/Users/allisonlarson/rails_projects/neighbors/config/boot.rb": [
        null,
        1,
        null,
        1
      ],
      "/Users/allisonlarson/rails_projects/neighbors/config/environments/test.rb": [
        1,
        null,
        null,
        null,
        null,
        null,
        null,
        1,
        null,
        null,
        null,
        null,
        1,
        null,
        null,
        1,
        1,
        null,
        null,
        1,
        1,
        null,
        null,
        1,
        null,
        null,
        1,
        null,
        null,
        null,
        null,
        1,
        null,
        null,
        1,
        null,
        null,
        null,
        null
      ],
      "/Users/allisonlarson/rails_projects/neighbors/config/initializers/assets.rb": [
        null,
        null,
        null,
        1,
        null,
        null,
        null,
        null,
        null
      ],
      "/Users/allisonlarson/rails_projects/neighbors/config/initializers/backtrace_silencers.rb": [
        null,
        null,
        null,
        null,
        null,
        null,
        null
      ],
      "/Users/allisonlarson/rails_projects/neighbors/config/initializers/cookies_serializer.rb": [
        null,
        null,
        1
      ],
      "/Users/allisonlarson/rails_projects/neighbors/config/initializers/filter_parameter_logging.rb": [
        null,
        null,
        null,
        1
      ],
      "/Users/allisonlarson/rails_projects/neighbors/config/initializers/fog.rb": [
        1,
        1,
        null,
        1,
        1,
        null,
        null,
        null,
        null,
        null,
        0,
        null
      ]
    },
    "timestamp": 1412881529
  }
}
